** Drc report for ch32v307drv.kicad_pcb **
** Created on 2026-05-27T20:17:14-0400 **
** Report includes: Errors, Warnings **

** Found 179 DRC violations **
[lib_footprint_issues]: The current configuration does not include the footprint library 'PCM_JLCPCB'.
    Local override; warning
    @(141.0000 mm, 105.0200 mm): Footprint C64
[lib_footprint_issues]: The current configuration does not include the footprint library 'PCM_JLCPCB'.
    Local override; warning
    @(133.2050 mm, 65.1225 mm): Footprint U11
[lib_footprint_issues]: The current configuration does not include the footprint library 'PCM_JLCPCB'.
    Local override; warning
    @(178.4200 mm, 61.0000 mm): Footprint R12
[lib_footprint_issues]: The current configuration does not include the footprint library 'PCM_JLCPCB'.
    Local override; warning
    @(126.5700 mm, 57.9100 mm): Footprint R23
[lib_footprint_issues]: The current configuration does not include the footprint library 'PCM_JLCPCB'.
    Local override; warning
    @(169.5550 mm, 62.9450 mm): Footprint D7
[lib_footprint_issues]: The current configuration does not include the footprint library 'PCM_JLCPCB'.
    Local override; warning
    @(101.7050 mm, 111.8850 mm): Footprint D16
[lib_footprint_issues]: The current configuration does not include the footprint library 'PCM_JLCPCB'.
    Local override; warning
    @(157.0000 mm, 61.1900 mm): Footprint R63
[lib_footprint_issues]: The current configuration does not include the footprint library 'PCM_JLCPCB'.
    Local override; warning
    @(132.9700 mm, 57.9100 mm): Footprint R31
[lib_footprint_issues]: The current configuration does not include the footprint library 'PCM_JLCPCB'.
    Local override; warning
    @(97.8200 mm, 134.0000 mm): Footprint R19
[lib_footprint_issues]: The current configuration does not include the footprint library 'PCM_JLCPCB'.
    Local override; warning
    @(173.2000 mm, 65.6000 mm): Footprint C16
[lib_footprint_issues]: The current configuration does not include the footprint library 'PCM_JLCPCB'.
    Local override; warning
    @(95.4000 mm, 64.7800 mm): Footprint R74
[lib_footprint_issues]: The current configuration does not include the footprint library 'PCM_JLCPCB'.
    Local override; warning
    @(131.5700 mm, 57.9100 mm): Footprint R32
[lib_footprint_issues]: The current configuration does not include the footprint library 'PCM_JLCPCB'.
    Local override; warning
    @(93.5800 mm, 77.0000 mm): Footprint R49
[lib_footprint_issues]: The current configuration does not include the footprint library 'PCM_JLCPCB'.
    Local override; warning
    @(101.4200 mm, 56.4000 mm): Footprint C36
[lib_footprint_issues]: The current configuration does not include the footprint library 'PCM_JLCPCB'.
    Local override; warning
    @(164.9900 mm, 63.4000 mm): Footprint D1
[lib_footprint_issues]: The current configuration does not include the footprint library 'PCM_JLCPCB'.
    Local override; warning
    @(165.2000 mm, 77.6700 mm): Footprint D8
[lib_footprint_issues]: The current configuration does not include the footprint library 'PCM_JLCPCB'.
    Local override; warning
    @(154.6000 mm, 58.0000 mm): Footprint R42
[lib_footprint_issues]: The current configuration does not include the footprint library 'PCM_JLCPCB'.
    Local override; warning
    @(89.6000 mm, 97.2000 mm): Footprint R44
[lib_footprint_issues]: The current configuration does not include the footprint library 'PCM_JLCPCB'.
    Local override; warning
    @(128.6050 mm, 65.1225 mm): Footprint U5
[lib_footprint_issues]: The current configuration does not include the footprint library 'PCM_JLCPCB'.
    Local override; warning
    @(124.2000 mm, 106.2000 mm): Footprint C52
[lib_footprint_issues]: The current configuration does not include the footprint library 'PCM_JLCPCB'.
    Local override; warning
    @(158.8000 mm, 58.0100 mm): Footprint D3
[lib_footprint_issues]: The current configuration does not include the footprint library 'PCM_JLCPCB'.
    Local override; warning
    @(129.4000 mm, 106.2000 mm): Footprint C74
[lib_footprint_issues]: The current configuration does not include the footprint library 'PCM_JLCPCB'.
    Local override; warning
    @(97.8200 mm, 129.8000 mm): Footprint R18
[lib_footprint_issues]: The current configuration does not include the footprint library 'PCM_JLCPCB'.
    Local override; warning
    @(93.6200 mm, 75.1500 mm): Footprint R46
[lib_footprint_issues]: The current configuration does not include the footprint library 'PCM_JLCPCB'.
    Local override; warning
    @(97.7250 mm, 111.8850 mm): Footprint R13
[lib_footprint_issues]: The current configuration does not include the footprint library 'PCM_JLCPCB'.
    Local override; warning
    @(161.3500 mm, 63.4700 mm): Footprint R60
[lib_footprint_issues]: The current configuration does not include the footprint library 'PCM_JLCPCB'.
    Local override; warning
    @(99.6100 mm, 121.0100 mm): Footprint H2
[lib_footprint_issues]: The current configuration does not include the footprint library 'PCM_JLCPCB'.
    Local override; warning
    @(178.4200 mm, 63.8000 mm): Footprint C4
[lib_footprint_issues]: The current configuration does not include the footprint library 'PCM_JLCPCB'.
    Local override; warning
    @(128.8000 mm, 120.2000 mm): Footprint C75
[lib_footprint_issues]: The current configuration does not include the footprint library 'PCM_JLCPCB'.
    Local override; warning
    @(111.2000 mm, 48.2000 mm): Footprint H1
[lib_footprint_issues]: The current configuration does not include the footprint library 'PCM_JLCPCB'.
    Local override; warning
    @(99.8000 mm, 86.8000 mm): Footprint D14
[lib_footprint_issues]: The current configuration does not include the footprint library 'PCM_JLCPCB'.
    Local override; warning
    @(97.7250 mm, 113.3850 mm): Footprint R33
[lib_footprint_issues]: The current configuration does not include the footprint library 'PCM_JLCPCB'.
    Local override; warning
    @(97.7250 mm, 108.8850 mm): Footprint R15
[lib_footprint_issues]: The current configuration does not include the footprint library 'PCM_JLCPCB'.
    Local override; warning
    @(176.8000 mm, 84.6000 mm): Footprint H3
[lib_footprint_issues]: The current configuration does not include the footprint library 'PCM_JLCPCB'.
    Local override; warning
    @(84.8750 mm, 97.2000 mm): Footprint S1
[lib_footprint_issues]: The current configuration does not include the footprint library 'PCM_JLCPCB'.
    Local override; warning
    @(174.9050 mm, 58.3450 mm): Footprint D12
[lib_footprint_issues]: The current configuration does not include the footprint library 'PCM_JLCPCB'.
    Local override; warning
    @(150.6000 mm, 58.0000 mm): Footprint R38
[lib_footprint_issues]: The current configuration does not include the footprint library 'PCM_JLCPCB'.
    Local override; warning
    @(101.7050 mm, 107.3850 mm): Footprint D17
[lib_footprint_issues]: The current configuration does not include the footprint library 'PCM_JLCPCB'.
    Local override; warning
    @(97.8200 mm, 128.4000 mm): Footprint R21
[lib_footprint_issues]: The current configuration does not include the footprint library 'PCM_JLCPCB'.
    Local override; warning
    @(97.7250 mm, 110.3850 mm): Footprint R14
[lib_footprint_issues]: The current configuration does not include the footprint library 'PCM_JLCPCB'.
    Local override; warning
    @(86.9800 mm, 60.5650 mm): Footprint R72
[lib_footprint_issues]: The current configuration does not include the footprint library 'PCM_JLCPCB'.
    Local override; warning
    @(125.4050 mm, 65.1100 mm): Footprint U10
[lib_footprint_issues]: The current configuration does not include the footprint library 'PCM_JLCPCB'.
    Local override; warning
    @(164.6000 mm, 106.2000 mm): Footprint C81
[lib_footprint_issues]: The current configuration does not include the footprint library 'PCM_JLCPCB'.
    Local override; warning
    @(171.5550 mm, 62.7450 mm): Footprint C1
[lib_footprint_issues]: The current configuration does not include the footprint library 'PCM_JLCPCB'.
    Local override; warning
    @(97.8200 mm, 127.0000 mm): Footprint R20
[lib_footprint_issues]: The current configuration does not include the footprint library 'PCM_JLCPCB'.
    Local override; warning
    @(101.8000 mm, 132.6000 mm): Footprint D10
[lib_footprint_issues]: The current configuration does not include the footprint library 'PCM_JLCPCB'.
    Local override; warning
    @(151.8000 mm, 58.0000 mm): Footprint R40
[lib_footprint_issues]: The current configuration does not include the footprint library 'PCM_JLCPCB'.
    Local override; warning
    @(119.4000 mm, 73.4000 mm): Footprint C30
[lib_footprint_issues]: The current configuration does not include the footprint library 'PCM_JLCPCB'.
    Local override; warning
    @(153.2000 mm, 58.0000 mm): Footprint R41
[lib_footprint_issues]: The current configuration does not include the footprint library 'PCM_JLCPCB'.
    Local override; warning
    @(158.8000 mm, 61.1900 mm): Footprint R62
[lib_footprint_issues]: The current configuration does not include the footprint library 'PCM_JLCPCB'.
    Local override; warning
    @(116.0000 mm, 120.8000 mm): Footprint C53
[lib_footprint_issues]: The current configuration does not include the footprint library 'PCM_JLCPCB'.
    Local override; warning
    @(162.8000 mm, 120.2000 mm): Footprint C82
[lib_footprint_issues]: The current configuration does not include the footprint library 'PCM_JLCPCB'.
    Local override; warning
    @(89.7800 mm, 60.5650 mm): Footprint R77
[lib_footprint_issues]: The current configuration does not include the footprint library 'PCM_JLCPCB'.
    Local override; warning
    @(147.8000 mm, 58.0000 mm): Footprint R39
[lib_footprint_issues]: The current configuration does not include the footprint library 'PCM_JLCPCB'.
    Local override; warning
    @(97.7250 mm, 105.8850 mm): Footprint R34
[lib_footprint_issues]: The current configuration does not include the footprint library 'PCM_JLCPCB'.
    Local override; warning
    @(178.4200 mm, 62.4000 mm): Footprint R11
[lib_footprint_issues]: The current configuration does not include the footprint library 'PCM_JLCPCB'.
    Local override; warning
    @(112.8000 mm, 105.6000 mm): Footprint C57
[lib_footprint_issues]: The current configuration does not include the footprint library 'PCM_JLCPCB'.
    Local override; warning
    @(101.8000 mm, 128.2000 mm): Footprint D11
[lib_footprint_issues]: The current configuration does not include the footprint library 'PCM_JLCPCB'.
    Local override; warning
    @(92.5800 mm, 60.5650 mm): Footprint C33
[lib_footprint_issues]: The current configuration does not include the footprint library 'PCM_JLCPCB'.
    Local override; warning
    @(100.4000 mm, 72.8000 mm): Footprint C31
[lib_footprint_issues]: The current configuration does not include the footprint library 'PCM_JLCPCB'.
    Local override; warning
    @(178.2200 mm, 66.6000 mm): Footprint D9
[lib_footprint_issues]: The current configuration does not include the footprint library 'PCM_JLCPCB'.
    Local override; warning
    @(97.8200 mm, 131.2000 mm): Footprint R17
[lib_footprint_issues]: The current configuration does not include the footprint library 'PCM_JLCPCB'.
    Local override; warning
    @(140.9200 mm, 120.4000 mm): Footprint C66
[lib_footprint_issues]: The current configuration does not include the footprint library 'PCM_JLCPCB'.
    Local override; warning
    @(85.8375 mm, 72.2000 mm): Footprint J2
[lib_footprint_issues]: The current configuration does not include the footprint library 'PCM_JLCPCB'.
    Local override; warning
    @(152.4000 mm, 106.2000 mm): Footprint C65
[lib_footprint_issues]: The current configuration does not include the footprint library 'PCM_JLCPCB'.
    Local override; warning
    @(168.4000 mm, 77.6000 mm): Footprint R10
[lib_footprint_issues]: The current configuration does not include the footprint library 'PCM_JLCPCB'.
    Local override; warning
    @(128.1700 mm, 57.9100 mm): Footprint R24
[lib_footprint_issues]: The current configuration does not include the footprint library 'PCM_JLCPCB'.
    Local override; warning
    @(88.3800 mm, 60.5650 mm): Footprint R73
[lib_footprint_issues]: The current configuration does not include the footprint library 'PCM_JLCPCB'.
    Local override; warning
    @(146.4000 mm, 58.0000 mm): Footprint R43
[lib_footprint_issues]: The current configuration does not include the footprint library 'PCM_JLCPCB'.
    Local override; warning
    @(93.6200 mm, 69.5500 mm): Footprint R45
[lib_footprint_issues]: The current configuration does not include the footprint library 'PCM_JLCPCB'.
    Local override; warning
    @(90.0200 mm, 91.6000 mm): Footprint R55
[lib_footprint_issues]: The current configuration does not include the footprint library 'PCM_JLCPCB'.
    Local override; warning
    @(93.8000 mm, 72.5500 mm): Footprint D13
[lib_footprint_issues]: The current configuration does not include the footprint library 'PCM_JLCPCB'.
    Local override; warning
    @(121.8000 mm, 61.2000 mm): Footprint C3
[lib_footprint_issues]: The current configuration does not include the footprint library 'PCM_JLCPCB'.
    Local override; warning
    @(157.0000 mm, 58.0100 mm): Footprint D4
[lib_footprint_issues]: The current configuration does not include the footprint library 'PCM_JLCPCB'.
    Local override; warning
    @(167.0000 mm, 77.6200 mm): Footprint C37
[lib_footprint_issues]: The current configuration does not include the footprint library 'PCM_JLCPCB'.
    Local override; warning
    @(97.8400 mm, 132.6000 mm): Footprint R16
[lib_footprint_issues]: The current configuration does not include the footprint library 'PCM_JLCPCB'.
    Local override; warning
    @(91.1800 mm, 60.5650 mm): Footprint R76
[lib_footprint_issues]: The current configuration does not include the footprint library 'PCM_JLCPCB'.
    Local override; warning
    @(94.0000 mm, 64.7800 mm): Footprint R75
[lib_footprint_issues]: The current configuration does not include the footprint library 'PCM_JLCPCB'.
    Local override; warning
    @(84.8000 mm, 65.3500 mm): Footprint D2
[lib_footprint_issues]: The current configuration does not include the footprint library 'PCM_JLCPCB'.
    Local override; warning
    @(97.7250 mm, 107.3850 mm): Footprint R35
[lib_footprint_issues]: The current configuration does not include the footprint library 'PCM_JLCPCB'.
    Local override; warning
    @(149.2000 mm, 58.0000 mm): Footprint R37
[lib_footprint_issues]: The current configuration does not include the footprint library 'PCM_JLCPCB'.
    Local override; warning
    @(168.4000 mm, 80.4400 mm): Footprint R9
[lib_footprint_issues]: The current configuration does not include the footprint library 'PCM_JLCPCB'.
    Local override; warning
    @(178.4000 mm, 72.7000 mm): Footprint D15
[lib_footprint_issues]: The current configuration does not include the footprint library 'PCM_JLCPCB'.
    Local override; warning
    @(120.4000 mm, 139.2200 mm): Footprint C34
[lib_footprint_issues]: The current configuration does not include the footprint library 'PCM_JLCPCB'.
    Local override; warning
    @(175.2000 mm, 61.3000 mm): Footprint R26
[lib_footprint_issues]: The current configuration does not include the footprint library 'PCM_JLCPCB'.
    Local override; warning
    @(144.7800 mm, 87.8000 mm): Footprint C59
[lib_footprint_issues]: The current configuration does not include the footprint library 'PCM_JLCPCB'.
    Local override; warning
    @(159.4000 mm, 87.8000 mm): Footprint C76
[lib_footprint_issues]: The current configuration does not include the footprint library 'PCM_JLCPCB'.
    Local override; warning
    @(127.2000 mm, 104.4000 mm): Footprint C69
[lib_footprint_issues]: The current configuration does not include the footprint library 'PCM_JLCPCB'.
    Local override; warning
    @(131.0000 mm, 139.2000 mm): Footprint R84
[lib_footprint_issues]: The current configuration does not include the footprint library 'PCM_JLCPCB'.
    Local override; warning
    @(140.4000 mm, 90.5800 mm): Footprint C58
[lib_footprint_issues]: The current configuration does not include the footprint library 'PCM_JLCPCB'.
    Local override; warning
    @(152.8194 mm, 75.5500 mm): Footprint R102
[lib_footprint_issues]: The current configuration does not include the footprint library 'PCM_JLCPCB'.
    Local override; warning
    @(157.2000 mm, 139.2000 mm): Footprint R80
[lib_footprint_issues]: The current configuration does not include the footprint library 'PCM_JLCPCB'.
    Local override; warning
    @(175.2000 mm, 59.9000 mm): Footprint R28
[lib_footprint_issues]: The current configuration does not include the footprint library 'PCM_JLCPCB'.
    Local override; warning
    @(152.8394 mm, 69.4000 mm): Footprint R96
[lib_footprint_issues]: The current configuration does not include the footprint library 'PCM_JLCPCB'.
    Local override; warning
    @(84.6100 mm, 65.3500 mm): Footprint FB1
[lib_footprint_issues]: The current configuration does not include the footprint library 'PCM_JLCPCB'.
    Local override; warning
    @(169.8000 mm, 66.9000 mm): Footprint C25
[lib_footprint_issues]: The current configuration does not include the footprint library 'PCM_JLCPCB'.
    Local override; warning
    @(153.2000 mm, 59.0000 mm): Footprint D6
[lib_footprint_issues]: The current configuration does not include the footprint library 'PCM_JLCPCB'.
    Local override; warning
    @(152.9718 mm, 100.6462 mm): Footprint C29
[lib_footprint_issues]: The current configuration does not include the footprint library 'PCM_JLCPCB'.
    Local override; warning
    @(140.6194 mm, 75.3500 mm): Footprint R101
[lib_footprint_issues]: The current configuration does not include the footprint library 'PCM_JLCPCB'.
    Local override; warning
    @(152.8194 mm, 77.1500 mm): Footprint R103
[lib_footprint_issues]: The current configuration does not include the footprint library 'PCM_JLCPCB'.
    Local override; warning
    @(164.6200 mm, 58.3700 mm): Footprint C5
[lib_footprint_issues]: The current configuration does not include the footprint library 'PCM_JLCPCB'.
    Local override; warning
    @(103.3050 mm, 112.8850 mm): Footprint C2
[lib_footprint_issues]: The current configuration does not include the footprint library 'PCM_JLCPCB'.
    Local override; warning
    @(109.8600 mm, 95.9000 mm): Footprint C51
[lib_footprint_issues]: The current configuration does not include the footprint library 'PCM_JLCPCB'.
    Local override; warning
    @(138.6800 mm, 95.8000 mm): Footprint C63
[lib_footprint_issues]: The current configuration does not include the footprint library 'PCM_JLCPCB'.
    Local override; warning
    @(126.0000 mm, 90.6000 mm): Footprint C67
[lib_footprint_issues]: The current configuration does not include the footprint library 'PCM_JLCPCB'.
    Local override; warning
    @(140.8194 mm, 70.9500 mm): Footprint R98
[lib_footprint_issues]: The current configuration does not include the footprint library 'PCM_JLCPCB'.
    Local override; warning
    @(138.6800 mm, 98.2000 mm): Footprint C12
[lib_footprint_issues]: The current configuration does not include the footprint library 'PCM_JLCPCB'.
    Local override; warning
    @(133.8000 mm, 139.2000 mm): Footprint R78
[lib_footprint_issues]: The current configuration does not include the footprint library 'PCM_JLCPCB'.
    Local override; warning
    @(152.8394 mm, 68.0000 mm): Footprint R95
[lib_footprint_issues]: The current configuration does not include the footprint library 'PCM_JLCPCB'.
    Local override; warning
    @(109.8800 mm, 93.4000 mm): Footprint C50
[lib_footprint_issues]: The current configuration does not include the footprint library 'PCM_JLCPCB'.
    Local override; warning
    @(101.3600 mm, 62.4000 mm): Footprint R1
[lib_footprint_issues]: The current configuration does not include the footprint library 'PCM_JLCPCB'.
    Local override; warning
    @(132.4000 mm, 139.2000 mm): Footprint C35
[lib_footprint_issues]: The current configuration does not include the footprint library 'PCM_JLCPCB'.
    Local override; warning
    @(152.8194 mm, 73.9500 mm): Footprint R104
[lib_footprint_issues]: The current configuration does not include the footprint library 'PCM_JLCPCB'.
    Local override; warning
    @(119.0000 mm, 139.2000 mm): Footprint R82
[lib_footprint_issues]: The current configuration does not include the footprint library 'PCM_JLCPCB'.
    Local override; warning
    @(117.6000 mm, 139.2000 mm): Footprint R88
[lib_footprint_issues]: The current configuration does not include the footprint library 'PCM_JLCPCB'.
    Local override; warning
    @(101.3600 mm, 58.2000 mm): Footprint R4
[lib_footprint_issues]: The current configuration does not include the footprint library 'PCM_JLCPCB'.
    Local override; warning
    @(103.4000 mm, 134.2200 mm): Footprint C14
[lib_footprint_issues]: The current configuration does not include the footprint library 'PCM_JLCPCB'.
    Local override; warning
    @(140.8194 mm, 67.7500 mm): Footprint C55
[lib_footprint_issues]: The current configuration does not include the footprint library 'PCM_JLCPCB'.
    Local override; warning
    @(109.8000 mm, 100.8000 mm): Footprint C26
[lib_footprint_issues]: The current configuration does not include the footprint library 'PCM_JLCPCB'.
    Local override; warning
    @(121.8000 mm, 139.2000 mm): Footprint R108
[lib_footprint_issues]: The current configuration does not include the footprint library 'PCM_JLCPCB'.
    Local override; warning
    @(140.8194 mm, 69.3000 mm): Footprint R99
[lib_footprint_issues]: The current configuration does not include the footprint library 'PCM_JLCPCB'.
    Local override; warning
    @(152.8594 mm, 71.0000 mm): Footprint R97
[lib_footprint_issues]: The current configuration does not include the footprint library 'PCM_JLCPCB'.
    Local override; warning
    @(129.6000 mm, 139.2000 mm): Footprint R89
[lib_footprint_issues]: The current configuration does not include the footprint library 'PCM_JLCPCB'.
    Local override; warning
    @(175.2000 mm, 57.2000 mm): Footprint R22
[lib_footprint_issues]: The current configuration does not include the footprint library 'PCM_JLCPCB'.
    Local override; warning
    @(124.4800 mm, 100.6000 mm): Footprint C27
[lib_footprint_issues]: The current configuration does not include the footprint library 'PCM_JLCPCB'.
    Local override; warning
    @(154.8000 mm, 90.6000 mm): Footprint C73
[lib_footprint_issues]: The current configuration does not include the footprint library 'PCM_JLCPCB'.
    Local override; warning
    @(174.0000 mm, 66.9000 mm): Footprint C23
[lib_footprint_issues]: The current configuration does not include the footprint library 'PCM_JLCPCB'.
    Local override; warning
    @(169.4000 mm, 75.5000 mm): Footprint R25
[lib_footprint_issues]: The current configuration does not include the footprint library 'PCM_JLCPCB'.
    Local override; warning
    @(165.4000 mm, 77.6000 mm): Footprint R36
[lib_footprint_issues]: The current configuration does not include the footprint library 'PCM_JLCPCB'.
    Local override; warning
    @(124.4000 mm, 93.4000 mm): Footprint C72
[lib_footprint_issues]: The current configuration does not include the footprint library 'PCM_JLCPCB'.
    Local override; warning
    @(178.6200 mm, 59.7000 mm): Footprint C18
[lib_footprint_issues]: The current configuration does not include the footprint library 'PCM_JLCPCB'.
    Local override; warning
    @(172.6000 mm, 66.9000 mm): Footprint R29
[lib_footprint_issues]: The current configuration does not include the footprint library 'PCM_JLCPCB'.
    Local override; warning
    @(153.0000 mm, 95.8000 mm): Footprint C79
[lib_footprint_issues]: The current configuration does not include the footprint library 'PCM_JLCPCB'.
    Local override; warning
    @(156.2000 mm, 104.6000 mm): Footprint C77
[lib_footprint_issues]: The current configuration does not include the footprint library 'PCM_JLCPCB'.
    Local override; warning
    @(101.3600 mm, 59.6000 mm): Footprint R3
[lib_footprint_issues]: The current configuration does not include the footprint library 'PCM_JLCPCB'.
    Local override; warning
    @(101.3800 mm, 61.0000 mm): Footprint R2
[lib_footprint_issues]: The current configuration does not include the footprint library 'PCM_JLCPCB'.
    Local override; warning
    @(170.9200 mm, 78.3000 mm): Footprint C22
[lib_footprint_issues]: The current configuration does not include the footprint library 'PCM_JLCPCB'.
    Local override; warning
    @(109.8600 mm, 98.4000 mm): Footprint C9
[lib_footprint_issues]: The current configuration does not include the footprint library 'PCM_JLCPCB'.
    Local override; warning
    @(138.6800 mm, 100.6000 mm): Footprint C28
[lib_footprint_issues]: The current configuration does not include the footprint library 'PCM_JLCPCB'.
    Local override; warning
    @(175.7200 mm, 78.3000 mm): Footprint C21
[lib_footprint_issues]: The current configuration does not include the footprint library 'PCM_JLCPCB'.
    Local override; warning
    @(113.5200 mm, 104.2000 mm): Footprint C54
[lib_footprint_issues]: The current configuration does not include the footprint library 'PCM_JLCPCB'.
    Local override; warning
    @(140.6194 mm, 76.7500 mm): Footprint R100
[lib_footprint_issues]: The current configuration does not include the footprint library 'PCM_JLCPCB'.
    Local override; warning
    @(178.6400 mm, 61.2500 mm): Footprint C19
[lib_footprint_issues]: The current configuration does not include the footprint library 'PCM_JLCPCB'.
    Local override; warning
    @(130.5800 mm, 87.8000 mm): Footprint C68
[lib_footprint_issues]: The current configuration does not include the footprint library 'PCM_JLCPCB'.
    Local override; warning
    @(154.4000 mm, 139.2000 mm): Footprint R87
[lib_footprint_issues]: The current configuration does not include the footprint library 'PCM_JLCPCB'.
    Local override; warning
    @(171.2000 mm, 66.9000 mm): Footprint R30
[lib_footprint_issues]: The current configuration does not include the footprint library 'PCM_JLCPCB'.
    Local override; warning
    @(111.5000 mm, 63.6000 mm): Footprint C39
[lib_footprint_issues]: The current configuration does not include the footprint library 'PCM_JLCPCB'.
    Local override; warning
    @(104.1800 mm, 62.4000 mm): Footprint R5
[lib_footprint_issues]: The current configuration does not include the footprint library 'PCM_JLCPCB'.
    Local override; warning
    @(138.6800 mm, 93.4000 mm): Footprint C62
[lib_footprint_issues]: The current configuration does not include the footprint library 'PCM_JLCPCB'.
    Local override; warning
    @(163.2000 mm, 63.7700 mm): Footprint U2
[lib_footprint_issues]: The current configuration does not include the footprint library 'PCM_JLCPCB'.
    Local override; warning
    @(128.7700 mm, 67.3100 mm): Footprint R48
[lib_footprint_issues]: The current configuration does not include the footprint library 'PCM_JLCPCB'.
    Local override; warning
    @(140.6194 mm, 73.9500 mm): Footprint C56
[lib_footprint_issues]: The current configuration does not include the footprint library 'PCM_JLCPCB'.
    Local override; warning
    @(153.0000 mm, 98.2000 mm): Footprint C80
[lib_footprint_issues]: The current configuration does not include the footprint library 'PCM_JLCPCB'.
    Local override; warning
    @(111.6000 mm, 67.8000 mm): Footprint C38
[lib_footprint_issues]: The current configuration does not include the footprint library 'PCM_JLCPCB'.
    Local override; warning
    @(128.5700 mm, 61.1100 mm): Footprint C17
[lib_footprint_issues]: The current configuration does not include the footprint library 'PCM_JLCPCB'.
    Local override; warning
    @(175.2000 mm, 58.5000 mm): Footprint R27
[lib_footprint_issues]: The current configuration does not include the footprint library 'PCM_JLCPCB'.
    Local override; warning
    @(142.0000 mm, 104.2000 mm): Footprint C60
[lib_footprint_issues]: The current configuration does not include the footprint library 'PCM_JLCPCB'.
    Local override; warning
    @(144.6000 mm, 139.3800 mm): Footprint C43
[lib_footprint_issues]: The current configuration does not include the footprint library 'PCM_JLCPCB'.
    Local override; warning
    @(124.4000 mm, 95.8000 mm): Footprint C10
[lib_footprint_issues]: The current configuration does not include the footprint library 'PCM_JLCPCB'.
    Local override; warning
    @(104.1800 mm, 61.0000 mm): Footprint R6
[lib_footprint_issues]: The current configuration does not include the footprint library 'PCM_JLCPCB'.
    Local override; warning
    @(124.9700 mm, 67.3100 mm): Footprint R47
[lib_footprint_issues]: The current configuration does not include the footprint library 'PCM_JLCPCB'.
    Local override; warning
    @(175.1800 mm, 62.7000 mm): Footprint C24
[lib_footprint_issues]: The current configuration does not include the footprint library 'PCM_JLCPCB'.
    Local override; warning
    @(153.0000 mm, 139.2000 mm): Footprint R91
[lib_footprint_issues]: The current configuration does not include the footprint library 'PCM_JLCPCB'.
    Local override; warning
    @(178.6200 mm, 62.7000 mm): Footprint C20
[lib_footprint_issues]: The current configuration does not include the footprint library 'PCM_JLCPCB'.
    Local override; warning
    @(104.1600 mm, 59.6000 mm): Footprint R7
[lib_footprint_issues]: The current configuration does not include the footprint library 'PCM_JLCPCB'.
    Local override; warning
    @(114.4000 mm, 65.7500 mm): Footprint X1
[lib_footprint_issues]: The current configuration does not include the footprint library 'PCM_JLCPCB'.
    Local override; warning
    @(124.4000 mm, 98.2000 mm): Footprint C71
[lib_footprint_issues]: The current configuration does not include the footprint library 'PCM_JLCPCB'.
    Local override; warning
    @(111.6000 mm, 90.6000 mm): Footprint C48
[lib_footprint_issues]: The current configuration does not include the footprint library 'PCM_JLCPCB'.
    Local override; warning
    @(116.2000 mm, 87.8000 mm): Footprint C47
[lib_footprint_issues]: The current configuration does not include the footprint library 'PCM_JLCPCB'.
    Local override; warning
    @(104.1600 mm, 58.2000 mm): Footprint R8
[lib_footprint_issues]: The current configuration does not include the footprint library 'PCM_JLCPCB'.
    Local override; warning
    @(164.0000 mm, 77.6200 mm): Footprint C13
[lib_footprint_issues]: The current configuration does not include the footprint library 'PCM_JLCPCB'.
    Local override; warning
    @(153.0000 mm, 93.4000 mm): Footprint C11
[lib_footprint_issues]: The current configuration does not include the footprint library 'PCM_JLCPCB'.
    Local override; warning
    @(155.8000 mm, 139.2000 mm): Footprint C44
[lib_footprint_issues]: The current configuration does not include the footprint library 'PCM_JLCPCB'.
    Local override; warning
    @(141.8000 mm, 139.3800 mm): Footprint R90
[lib_footprint_issues]: The current configuration does not include the footprint library 'PCM_JLCPCB'.
    Local override; warning
    @(147.8000 mm, 58.8000 mm): Footprint D5
[lib_footprint_issues]: The current configuration does not include the footprint library 'PCM_JLCPCB'.
    Local override; warning
    @(146.0000 mm, 139.3600 mm): Footprint R79
[lib_footprint_issues]: The current configuration does not include the footprint library 'PCM_JLCPCB'.
    Local override; warning
    @(143.2000 mm, 139.3800 mm): Footprint R86
[lib_footprint_issues]: The current configuration does not include the footprint library 'PCM_JLCPCB'.
    Local override; warning
    @(124.9700 mm, 61.1100 mm): Footprint C15
[lib_footprint_issues]: The current configuration does not include the footprint library 'PCM_JLCPCB'.
    Local override; warning
    @(161.6000 mm, 58.3700 mm): Footprint C6

** Found 0 unconnected pads **

** Found 0 Footprint errors **

** End of Report **
